Determining if the pthread_create exist failed with the following output:
Change Dir: /home/fshs/work/hirop/build/CMakeFiles/CMakeTmp

Run Build Command:/usr/bin/make "cmTryCompileExec1487701024/fast"
/usr/bin/make -f CMakeFiles/cmTryCompileExec1487701024.dir/build.make CMakeFiles/cmTryCompileExec1487701024.dir/build
make[1]: 正在进入目录 `/home/fshs/work/hirop/build/CMakeFiles/CMakeTmp'
/usr/bin/cmake -E cmake_progress_report /home/fshs/work/hirop/build/CMakeFiles/CMakeTmp/CMakeFiles 1
Building C object CMakeFiles/cmTryCompileExec1487701024.dir/CheckSymbolExists.c.o
/usr/bin/gcc    -o CMakeFiles/cmTryCompileExec1487701024.dir/CheckSymbolExists.c.o   -c /home/fshs/work/hirop/build/CMakeFiles/CMakeTmp/CheckSymbolExists.c
Linking C executable cmTryCompileExec1487701024
/usr/bin/cmake -E cmake_link_script CMakeFiles/cmTryCompileExec1487701024.dir/link.txt --verbose=1
/usr/bin/gcc       CMakeFiles/cmTryCompileExec1487701024.dir/CheckSymbolExists.c.o  -o cmTryCompileExec1487701024 -rdynamic 
CMakeFiles/cmTryCompileExec1487701024.dir/CheckSymbolExists.c.o：在函数‘main’中：
CheckSymbolExists.c:(.text+0x16)：对‘pthread_create’未定义的引用
collect2: error: ld returned 1 exit status
make[1]: *** [cmTryCompileExec1487701024] 错误 1
make[1]:正在离开目录 `/home/fshs/work/hirop/build/CMakeFiles/CMakeTmp'
make: *** [cmTryCompileExec1487701024/fast] 错误 2

File /home/fshs/work/hirop/build/CMakeFiles/CMakeTmp/CheckSymbolExists.c:
/* */
#include <pthread.h>

int main(int argc, char** argv)
{
  (void)argv;
#ifndef pthread_create
  return ((int*)(&pthread_create))[argc];
#else
  (void)argc;
  return 0;
#endif
}

Determining if the function pthread_create exists in the pthreads failed with the following output:
Change Dir: /home/fshs/work/hirop/build/CMakeFiles/CMakeTmp

Run Build Command:/usr/bin/make "cmTryCompileExec1107974703/fast"
/usr/bin/make -f CMakeFiles/cmTryCompileExec1107974703.dir/build.make CMakeFiles/cmTryCompileExec1107974703.dir/build
make[1]: 正在进入目录 `/home/fshs/work/hirop/build/CMakeFiles/CMakeTmp'
/usr/bin/cmake -E cmake_progress_report /home/fshs/work/hirop/build/CMakeFiles/CMakeTmp/CMakeFiles 1
Building C object CMakeFiles/cmTryCompileExec1107974703.dir/CheckFunctionExists.c.o
/usr/bin/gcc   -DCHECK_FUNCTION_EXISTS=pthread_create   -o CMakeFiles/cmTryCompileExec1107974703.dir/CheckFunctionExists.c.o   -c /usr/share/cmake-2.8/Modules/CheckFunctionExists.c
Linking C executable cmTryCompileExec1107974703
/usr/bin/cmake -E cmake_link_script CMakeFiles/cmTryCompileExec1107974703.dir/link.txt --verbose=1
/usr/bin/gcc   -DCHECK_FUNCTION_EXISTS=pthread_create    CMakeFiles/cmTryCompileExec1107974703.dir/CheckFunctionExists.c.o  -o cmTryCompileExec1107974703 -rdynamic -lpthreads 
/usr/bin/ld: cannot find -lpthreads
collect2: error: ld returned 1 exit status
make[1]:正在离开目录 `/home/fshs/work/hirop/build/CMakeFiles/CMakeTmp'
make[1]: *** [cmTryCompileExec1107974703] 错误 1
make: *** [cmTryCompileExec1107974703/fast] 错误 2


